# JRE version: Java(TM) SE Runtime Environment (17.0.12+8) (build 17.0.12+8-LTS-286)
# Java VM: Java HotSpot(TM) 64-Bit Server VM (17.0.12+8-LTS-286, mixed mode, sharing, tiered, compressed oops, compressed class ptrs, g1 gc, windows-amd64)
GC Precious Log:
 CPUs: 12 total, 12 available
 Memory: 7521M
 Large Page Support: Disabled
 NUMA Support: Disabled
 Compressed Oops: Enabled (32-bit)
 Heap Region Size: 1M
 Heap Min Capacity: 8M
 Heap Initial Capacity: 118M
 Heap Max Capacity: 2G
 Pre-touch: Disabled
 Parallel Workers: 10
 Concurrent Workers: 3
 Concurrent Refinement Workers: 10
 Periodic GC: Disabled
Heap:
 garbage-first heap   total 242688K, used 152803K [0x0000000080000000, 0x0000000100000000)
  region size 1024K, 14 young (14336K), 6 survivors (6144K)
 Metaspace       used 96372K, committed 97472K, reserved 557056K
  class space    used 13610K, committed 14080K, reserved 425984K
GC Heap History (20 events):
Event: 34.445 GC heap before
{Heap before GC invocations=28 (full 0):
 garbage-first heap   total 208896K, used 163199K [0x0000000080000000, 0x0000000100000000)
  region size 1024K, 78 young (79872K), 4 survivors (4096K)
 Metaspace       used 78882K, committed 79552K, reserved 557056K
  class space    used 11012K, committed 11328K, reserved 425984K
}
Event: 34.460 GC heap after
{Heap after GC invocations=29 (full 0):
 garbage-first heap   total 208896K, used 92164K [0x0000000080000000, 0x0000000100000000)
  region size 1024K, 9 young (9216K), 9 survivors (9216K)
 Metaspace       used 78882K, committed 79552K, reserved 557056K
  class space    used 11012K, committed 11328K, reserved 425984K
}
Event: 35.554 GC heap before
{Heap before GC invocations=29 (full 0):
 garbage-first heap   total 208896K, used 165892K [0x0000000080000000, 0x0000000100000000)
  region size 1024K, 80 young (81920K), 9 survivors (9216K)
 Metaspace       used 83761K, committed 84544K, reserved 557056K
  class space    used 11849K, committed 12224K, reserved 425984K
}
Event: 35.569 GC heap after
{Heap after GC invocations=30 (full 0):
 garbage-first heap   total 208896K, used 94887K [0x0000000080000000, 0x0000000100000000)
  region size 1024K, 8 young (8192K), 8 survivors (8192K)
 Metaspace       used 83761K, committed 84544K, reserved 557056K
  class space    used 11849K, committed 12224K, reserved 425984K
}
Event: 36.595 GC heap before
{Heap before GC invocations=30 (full 0):
 garbage-first heap   total 208896K, used 167591K [0x0000000080000000, 0x0000000100000000)
  region size 1024K, 79 young (80896K), 8 survivors (8192K)
 Metaspace       used 86997K, committed 87808K, reserved 557056K
  class space    used 12330K, committed 12736K, reserved 425984K
}
Event: 36.611 GC heap after
{Heap after GC invocations=31 (full 0):
 garbage-first heap   total 208896K, used 101954K [0x0000000080000000, 0x0000000100000000)
  region size 1024K, 10 young (10240K), 10 survivors (10240K)
 Metaspace       used 86997K, committed 87808K, reserved 557056K
  class space    used 12330K, committed 12736K, reserved 425984K
}
Event: 38.030 GC heap before
{Heap before GC invocations=31 (full 0):
 garbage-first heap   total 208896K, used 158274K [0x0000000080000000, 0x0000000100000000)
  region size 1024K, 66 young (67584K), 10 survivors (10240K)
 Metaspace       used 88107K, committed 89024K, reserved 557056K
  class space    used 12459K, committed 12864K, reserved 425984K
}
Event: 38.045 GC heap after
{Heap after GC invocations=32 (full 0):
 garbage-first heap   total 208896K, used 114014K [0x0000000080000000, 0x0000000100000000)
  region size 1024K, 10 young (10240K), 10 survivors (10240K)
 Metaspace       used 88107K, committed 89024K, reserved 557056K
  class space    used 12459K, committed 12864K, reserved 425984K
}
Event: 39.202 GC heap before
{Heap before GC invocations=33 (full 0):
 garbage-first heap   total 208896K, used 171358K [0x0000000080000000, 0x0000000100000000)
  region size 1024K, 61 young (62464K), 10 survivors (10240K)
 Metaspace       used 90143K, committed 91200K, reserved 557056K
  class space    used 12698K, committed 13184K, reserved 425984K
}
Event: 39.213 GC heap after
{Heap after GC invocations=34 (full 0):
 garbage-first heap   total 208896K, used 132937K [0x0000000080000000, 0x0000000100000000)
  region size 1024K, 8 young (8192K), 8 survivors (8192K)
 Metaspace       used 90143K, committed 91200K, reserved 557056K
  class space    used 12698K, committed 13184K, reserved 425984K
}
Event: 39.249 GC heap before
{Heap before GC invocations=34 (full 0):
 garbage-first heap   total 208896K, used 133961K [0x0000000080000000, 0x0000000100000000)
  region size 1024K, 10 young (10240K), 8 survivors (8192K)
 Metaspace       used 90158K, committed 91200K, reserved 557056K
  class space    used 12702K, committed 13184K, reserved 425984K
}
Event: 39.259 GC heap after
{Heap after GC invocations=35 (full 0):
 garbage-first heap   total 208896K, used 135461K [0x0000000080000000, 0x0000000100000000)
  region size 1024K, 2 young (2048K), 2 survivors (2048K)
 Metaspace       used 90158K, committed 91200K, reserved 557056K
  class space    used 12702K, committed 13184K, reserved 425984K
}
Event: 39.825 GC heap before
{Heap before GC invocations=35 (full 0):
 garbage-first heap   total 208896K, used 170277K [0x0000000080000000, 0x0000000100000000)
  region size 1024K, 36 young (36864K), 2 survivors (2048K)
 Metaspace       used 92252K, committed 93312K, reserved 557056K
  class space    used 13005K, committed 13504K, reserved 425984K
}
Event: 39.831 GC heap after
{Heap after GC invocations=36 (full 0):
 garbage-first heap   total 208896K, used 139773K [0x0000000080000000, 0x0000000100000000)
  region size 1024K, 5 young (5120K), 5 survivors (5120K)
 Metaspace       used 92252K, committed 93312K, reserved 557056K
  class space    used 13005K, committed 13504K, reserved 425984K
}
Event: 40.337 GC heap before
{Heap before GC invocations=37 (full 0):
 garbage-first heap   total 242688K, used 170493K [0x0000000080000000, 0x0000000100000000)
  region size 1024K, 35 young (35840K), 5 survivors (5120K)
 Metaspace       used 93819K, committed 94848K, reserved 557056K
  class space    used 13244K, committed 13696K, reserved 425984K
}
Event: 40.345 GC heap after
{Heap after GC invocations=38 (full 0):
 garbage-first heap   total 242688K, used 141204K [0x0000000080000000, 0x0000000100000000)
  region size 1024K, 2 young (2048K), 2 survivors (2048K)
 Metaspace       used 93819K, committed 94848K, reserved 557056K
  class space    used 13244K, committed 13696K, reserved 425984K
}
Event: 40.446 GC heap before
{Heap before GC invocations=38 (full 0):
 garbage-first heap   total 242688K, used 150420K [0x0000000080000000, 0x0000000100000000)
  region size 1024K, 11 young (11264K), 2 survivors (2048K)
 Metaspace       used 94272K, committed 95296K, reserved 557056K
  class space    used 13312K, committed 13760K, reserved 425984K
}
Event: 40.450 GC heap after
{Heap after GC invocations=39 (full 0):
 garbage-first heap   total 242688K, used 141061K [0x0000000080000000, 0x0000000100000000)
  region size 1024K, 1 young (1024K), 1 survivors (1024K)
 Metaspace       used 94272K, committed 95296K, reserved 557056K
  class space    used 13312K, committed 13760K, reserved 425984K
}
Event: 41.028 GC heap before
{Heap before GC invocations=39 (full 0):
 garbage-first heap   total 242688K, used 194309K [0x0000000080000000, 0x0000000100000000)
  region size 1024K, 53 young (54272K), 1 survivors (1024K)
 Metaspace       used 96345K, committed 97472K, reserved 557056K
  class space    used 13608K, committed 14080K, reserved 425984K
}
Event: 41.036 GC heap after
{Heap after GC invocations=40 (full 0):
 garbage-first heap   total 242688K, used 145635K [0x0000000080000000, 0x0000000100000000)
  region size 1024K, 6 young (6144K), 6 survivors (6144K)
 Metaspace       used 96345K, committed 97472K, reserved 557056K
  class space    used 13608K, committed 14080K, reserved 425984K
}

