# JRE version: Java(TM) SE Runtime Environment (17.0.12+8) (build 17.0.12+8-LTS-286)
# Java VM: Java HotSpot(TM) 64-Bit Server VM (17.0.12+8-LTS-286, mixed mode, sharing, tiered, compressed oops, compressed class ptrs, g1 gc, windows-amd64)
GC Precious Log:
 CPUs: 12 total, 12 available
 Memory: 7521M
 Large Page Support: Disabled
 NUMA Support: Disabled
 Compressed Oops: Enabled (32-bit)
 Heap Region Size: 1M
 Heap Min Capacity: 8M
 Heap Initial Capacity: 118M
 Heap Max Capacity: 2G
 Pre-touch: Disabled
 Parallel Workers: 10
 Concurrent Workers: 3
 Concurrent Refinement Workers: 10
 Periodic GC: Disabled
Heap:
 garbage-first heap   total 261120K, used 157748K [0x0000000080000000, 0x0000000100000000)
  region size 1024K, 5 young (5120K), 0 survivors (0K)
 Metaspace       used 96512K, committed 97600K, reserved 557056K
  class space    used 13621K, committed 14080K, reserved 425984K
GC Heap History (20 events):
Event: 31.164 GC heap before
{Heap before GC invocations=28 (full 0):
 garbage-first heap   total 208896K, used 163467K [0x0000000080000000, 0x0000000100000000)
  region size 1024K, 79 young (80896K), 4 survivors (4096K)
 Metaspace       used 78861K, committed 79552K, reserved 557056K
  class space    used 11012K, committed 11328K, reserved 425984K
}
Event: 31.176 GC heap after
{Heap after GC invocations=29 (full 0):
 garbage-first heap   total 208896K, used 91622K [0x0000000080000000, 0x0000000100000000)
  region size 1024K, 9 young (9216K), 9 survivors (9216K)
 Metaspace       used 78861K, committed 79552K, reserved 557056K
  class space    used 11012K, committed 11328K, reserved 425984K
}
Event: 32.269 GC heap before
{Heap before GC invocations=29 (full 0):
 garbage-first heap   total 208896K, used 166374K [0x0000000080000000, 0x0000000100000000)
  region size 1024K, 81 young (82944K), 9 survivors (9216K)
 Metaspace       used 83824K, committed 84608K, reserved 557056K
  class space    used 11860K, committed 12224K, reserved 425984K
}
Event: 32.285 GC heap after
{Heap after GC invocations=30 (full 0):
 garbage-first heap   total 208896K, used 94481K [0x0000000080000000, 0x0000000100000000)
  region size 1024K, 8 young (8192K), 8 survivors (8192K)
 Metaspace       used 83824K, committed 84608K, reserved 557056K
  class space    used 11860K, committed 12224K, reserved 425984K
}
Event: 33.257 GC heap before
{Heap before GC invocations=30 (full 0):
 garbage-first heap   total 208896K, used 169233K [0x0000000080000000, 0x0000000100000000)
  region size 1024K, 81 young (82944K), 8 survivors (8192K)
 Metaspace       used 87126K, committed 87936K, reserved 557056K
  class space    used 12356K, committed 12736K, reserved 425984K
}
Event: 33.266 GC heap after
{Heap after GC invocations=31 (full 0):
 garbage-first heap   total 208896K, used 101951K [0x0000000080000000, 0x0000000100000000)
  region size 1024K, 10 young (10240K), 10 survivors (10240K)
 Metaspace       used 87126K, committed 87936K, reserved 557056K
  class space    used 12356K, committed 12736K, reserved 425984K
}
Event: 34.461 GC heap before
{Heap before GC invocations=31 (full 0):
 garbage-first heap   total 208896K, used 161343K [0x0000000080000000, 0x0000000100000000)
  region size 1024K, 68 young (69632K), 10 survivors (10240K)
 Metaspace       used 88064K, committed 88960K, reserved 557056K
  class space    used 12457K, committed 12864K, reserved 425984K
}
Event: 34.478 GC heap after
{Heap after GC invocations=32 (full 0):
 garbage-first heap   total 208896K, used 116974K [0x0000000080000000, 0x0000000100000000)
  region size 1024K, 10 young (10240K), 10 survivors (10240K)
 Metaspace       used 88064K, committed 88960K, reserved 557056K
  class space    used 12457K, committed 12864K, reserved 425984K
}
Event: 35.301 GC heap before
{Heap before GC invocations=33 (full 0):
 garbage-first heap   total 208896K, used 169198K [0x0000000080000000, 0x0000000100000000)
  region size 1024K, 57 young (58368K), 10 survivors (10240K)
 Metaspace       used 90100K, committed 91136K, reserved 557056K
  class space    used 12691K, committed 13120K, reserved 425984K
}
Event: 35.312 GC heap after
{Heap after GC invocations=34 (full 0):
 garbage-first heap   total 208896K, used 133758K [0x0000000080000000, 0x0000000100000000)
  region size 1024K, 8 young (8192K), 8 survivors (8192K)
 Metaspace       used 90100K, committed 91136K, reserved 557056K
  class space    used 12691K, committed 13120K, reserved 425984K
}
Event: 35.361 GC heap before
{Heap before GC invocations=34 (full 0):
 garbage-first heap   total 208896K, used 135806K [0x0000000080000000, 0x0000000100000000)
  region size 1024K, 10 young (10240K), 8 survivors (8192K)
 Metaspace       used 90175K, committed 91200K, reserved 557056K
  class space    used 12709K, committed 13120K, reserved 425984K
}
Event: 35.372 GC heap after
{Heap after GC invocations=35 (full 0):
 garbage-first heap   total 208896K, used 134299K [0x0000000080000000, 0x0000000100000000)
  region size 1024K, 2 young (2048K), 2 survivors (2048K)
 Metaspace       used 90175K, committed 91200K, reserved 557056K
  class space    used 12709K, committed 13120K, reserved 425984K
}
Event: 36.012 GC heap before
{Heap before GC invocations=35 (full 0):
 garbage-first heap   total 208896K, used 168091K [0x0000000080000000, 0x0000000100000000)
  region size 1024K, 35 young (35840K), 2 survivors (2048K)
 Metaspace       used 92245K, committed 93312K, reserved 557056K
  class space    used 13002K, committed 13440K, reserved 425984K
}
Event: 36.018 GC heap after
{Heap after GC invocations=36 (full 0):
 garbage-first heap   total 208896K, used 137602K [0x0000000080000000, 0x0000000100000000)
  region size 1024K, 5 young (5120K), 5 survivors (5120K)
 Metaspace       used 92245K, committed 93312K, reserved 557056K
  class space    used 13002K, committed 13440K, reserved 425984K
}
Event: 36.529 GC heap before
{Heap before GC invocations=37 (full 0):
 garbage-first heap   total 240640K, used 170370K [0x0000000080000000, 0x0000000100000000)
  region size 1024K, 37 young (37888K), 5 survivors (5120K)
 Metaspace       used 93903K, committed 94976K, reserved 557056K
  class space    used 13259K, committed 13760K, reserved 425984K
}
Event: 36.537 GC heap after
{Heap after GC invocations=38 (full 0):
 garbage-first heap   total 240640K, used 139300K [0x0000000080000000, 0x0000000100000000)
  region size 1024K, 2 young (2048K), 2 survivors (2048K)
 Metaspace       used 93903K, committed 94976K, reserved 557056K
  class space    used 13259K, committed 13760K, reserved 425984K
}
Event: 36.637 GC heap before
{Heap before GC invocations=38 (full 0):
 garbage-first heap   total 240640K, used 148516K [0x0000000080000000, 0x0000000100000000)
  region size 1024K, 11 young (11264K), 2 survivors (2048K)
 Metaspace       used 94371K, committed 95488K, reserved 557056K
  class space    used 13328K, committed 13824K, reserved 425984K
}
Event: 36.640 GC heap after
{Heap after GC invocations=39 (full 0):
 garbage-first heap   total 240640K, used 138922K [0x0000000080000000, 0x0000000100000000)
  region size 1024K, 1 young (1024K), 1 survivors (1024K)
 Metaspace       used 94371K, committed 95488K, reserved 557056K
  class space    used 13328K, committed 13824K, reserved 425984K
}
Event: 37.261 GC heap before
{Heap before GC invocations=39 (full 0):
 garbage-first heap   total 240640K, used 193194K [0x0000000080000000, 0x0000000100000000)
  region size 1024K, 54 young (55296K), 1 survivors (1024K)
 Metaspace       used 96298K, committed 97408K, reserved 557056K
  class space    used 13598K, committed 14080K, reserved 425984K
}
Event: 37.269 GC heap after
{Heap after GC invocations=40 (full 0):
 garbage-first heap   total 240640K, used 144212K [0x0000000080000000, 0x0000000100000000)
  region size 1024K, 6 young (6144K), 6 survivors (6144K)
 Metaspace       used 96298K, committed 97408K, reserved 557056K
  class space    used 13598K, committed 14080K, reserved 425984K
}

