# JRE version: Java(TM) SE Runtime Environment (17.0.12+8) (build 17.0.12+8-LTS-286)
# Java VM: Java HotSpot(TM) 64-Bit Server VM (17.0.12+8-LTS-286, mixed mode, sharing, tiered, compressed oops, compressed class ptrs, g1 gc, windows-amd64)
GC Precious Log:
 CPUs: 12 total, 12 available
 Memory: 7521M
 Large Page Support: Disabled
 NUMA Support: Disabled
 Compressed Oops: Enabled (32-bit)
 Heap Region Size: 1M
 Heap Min Capacity: 8M
 Heap Initial Capacity: 118M
 Heap Max Capacity: 2G
 Pre-touch: Disabled
 Parallel Workers: 10
 Concurrent Workers: 3
 Concurrent Refinement Workers: 10
 Periodic GC: Disabled
Heap:
 garbage-first heap   total 235520K, used 140316K [0x0000000080000000, 0x0000000100000000)
  region size 1024K, 1 young (1024K), 1 survivors (1024K)
 Metaspace       used 97316K, committed 98368K, reserved 557056K
  class space    used 13651K, committed 14144K, reserved 425984K
GC Heap History (20 events):
Event: 26.406 GC heap after
{Heap after GC invocations=47 (full 0):
 garbage-first heap   total 152576K, used 87672K [0x0000000080000000, 0x0000000100000000)
  region size 1024K, 3 young (3072K), 3 survivors (3072K)
 Metaspace       used 79941K, committed 80640K, reserved 557056K
  class space    used 11096K, committed 11456K, reserved 425984K
}
Event: 26.459 GC heap before
{Heap before GC invocations=47 (full 0):
 garbage-first heap   total 152576K, used 90744K [0x0000000080000000, 0x0000000100000000)
  region size 1024K, 7 young (7168K), 3 survivors (3072K)
 Metaspace       used 80256K, committed 80960K, reserved 557056K
  class space    used 11137K, committed 11456K, reserved 425984K
}
Event: 26.464 GC heap after
{Heap after GC invocations=48 (full 0):
 garbage-first heap   total 201728K, used 87769K [0x0000000080000000, 0x0000000100000000)
  region size 1024K, 1 young (1024K), 1 survivors (1024K)
 Metaspace       used 80256K, committed 80960K, reserved 557056K
  class space    used 11137K, committed 11456K, reserved 425984K
}
Event: 33.253 GC heap before
{Heap before GC invocations=48 (full 0):
 garbage-first heap   total 201728K, used 150233K [0x0000000080000000, 0x0000000100000000)
  region size 1024K, 62 young (63488K), 1 survivors (1024K)
 Metaspace       used 82112K, committed 82816K, reserved 557056K
  class space    used 11388K, committed 11712K, reserved 425984K
}
Event: 33.258 GC heap after
{Heap after GC invocations=49 (full 0):
 garbage-first heap   total 201728K, used 91680K [0x0000000080000000, 0x0000000100000000)
  region size 1024K, 5 young (5120K), 5 survivors (5120K)
 Metaspace       used 82112K, committed 82816K, reserved 557056K
  class space    used 11388K, committed 11712K, reserved 425984K
}
Event: 34.220 GC heap before
{Heap before GC invocations=49 (full 0):
 garbage-first heap   total 201728K, used 155168K [0x0000000080000000, 0x0000000100000000)
  region size 1024K, 66 young (67584K), 5 survivors (5120K)
 Metaspace       used 85983K, committed 86720K, reserved 557056K
  class space    used 11968K, committed 12288K, reserved 425984K
}
Event: 34.230 GC heap after
{Heap after GC invocations=50 (full 0):
 garbage-first heap   total 201728K, used 94628K [0x0000000080000000, 0x0000000100000000)
  region size 1024K, 8 young (8192K), 8 survivors (8192K)
 Metaspace       used 85983K, committed 86720K, reserved 557056K
  class space    used 11968K, committed 12288K, reserved 425984K
}
Event: 35.112 GC heap before
{Heap before GC invocations=50 (full 0):
 garbage-first heap   total 201728K, used 158116K [0x0000000080000000, 0x0000000100000000)
  region size 1024K, 70 young (71680K), 8 survivors (8192K)
 Metaspace       used 90306K, committed 91008K, reserved 557056K
  class space    used 12697K, committed 13056K, reserved 425984K
}
Event: 35.123 GC heap after
{Heap after GC invocations=51 (full 0):
 garbage-first heap   total 201728K, used 97631K [0x0000000080000000, 0x0000000100000000)
  region size 1024K, 6 young (6144K), 6 survivors (6144K)
 Metaspace       used 90306K, committed 91008K, reserved 557056K
  class space    used 12697K, committed 13056K, reserved 425984K
}
Event: 36.056 GC heap before
{Heap before GC invocations=51 (full 0):
 garbage-first heap   total 201728K, used 161119K [0x0000000080000000, 0x0000000100000000)
  region size 1024K, 68 young (69632K), 6 survivors (6144K)
 Metaspace       used 92535K, committed 93376K, reserved 557056K
  class space    used 13047K, committed 13440K, reserved 425984K
}
Event: 36.067 GC heap after
{Heap after GC invocations=52 (full 0):
 garbage-first heap   total 201728K, used 104324K [0x0000000080000000, 0x0000000100000000)
  region size 1024K, 9 young (9216K), 9 survivors (9216K)
 Metaspace       used 92535K, committed 93376K, reserved 557056K
  class space    used 13047K, committed 13440K, reserved 425984K
}
Event: 37.526 GC heap before
{Heap before GC invocations=53 (full 0):
 garbage-first heap   total 201728K, used 165764K [0x0000000080000000, 0x0000000100000000)
  region size 1024K, 66 young (67584K), 9 survivors (9216K)
 Metaspace       used 93667K, committed 94656K, reserved 557056K
  class space    used 13194K, committed 13632K, reserved 425984K
}
Event: 37.548 GC heap after
{Heap after GC invocations=54 (full 0):
 garbage-first heap   total 201728K, used 123450K [0x0000000080000000, 0x0000000100000000)
  region size 1024K, 9 young (9216K), 9 survivors (9216K)
 Metaspace       used 93667K, committed 94656K, reserved 557056K
  class space    used 13194K, committed 13632K, reserved 425984K
}
Event: 37.551 GC heap before
{Heap before GC invocations=54 (full 0):
 garbage-first heap   total 201728K, used 124474K [0x0000000080000000, 0x0000000100000000)
  region size 1024K, 10 young (10240K), 9 survivors (9216K)
 Metaspace       used 93667K, committed 94656K, reserved 557056K
  class space    used 13194K, committed 13632K, reserved 425984K
}
Event: 37.559 GC heap after
{Heap after GC invocations=55 (full 0):
 garbage-first heap   total 201728K, used 124504K [0x0000000080000000, 0x0000000100000000)
  region size 1024K, 1 young (1024K), 1 survivors (1024K)
 Metaspace       used 93667K, committed 94656K, reserved 557056K
  class space    used 13194K, committed 13632K, reserved 425984K
}
Event: 38.356 GC heap before
{Heap before GC invocations=55 (full 0):
 garbage-first heap   total 201728K, used 165464K [0x0000000080000000, 0x0000000100000000)
  region size 1024K, 38 young (38912K), 1 survivors (1024K)
 Metaspace       used 95368K, committed 96384K, reserved 557056K
  class space    used 13358K, committed 13824K, reserved 425984K
}
Event: 38.363 GC heap after
{Heap after GC invocations=56 (full 0):
 garbage-first heap   total 201728K, used 134612K [0x0000000080000000, 0x0000000100000000)
  region size 1024K, 5 young (5120K), 5 survivors (5120K)
 Metaspace       used 95368K, committed 96384K, reserved 557056K
  class space    used 13358K, committed 13824K, reserved 425984K
}
Event: 38.847 GC heap before
{Heap before GC invocations=57 (full 0):
 garbage-first heap   total 235520K, used 161236K [0x0000000080000000, 0x0000000100000000)
  region size 1024K, 32 young (32768K), 5 survivors (5120K)
 Metaspace       used 96660K, committed 97728K, reserved 557056K
  class space    used 13570K, committed 14080K, reserved 425984K
}
Event: 38.860 GC heap after
{Heap after GC invocations=58 (full 0):
 garbage-first heap   total 235520K, used 139673K [0x0000000080000000, 0x0000000100000000)
  region size 1024K, 4 young (4096K), 4 survivors (4096K)
 Metaspace       used 96660K, committed 97728K, reserved 557056K
  class space    used 13570K, committed 14080K, reserved 425984K
}
Event: 39.014 GC heap before
{Heap before GC invocations=58 (full 0):
 garbage-first heap   total 235520K, used 145817K [0x0000000080000000, 0x0000000100000000)
  region size 1024K, 11 young (11264K), 4 survivors (4096K)
 Metaspace       used 97316K, committed 98368K, reserved 557056K
  class space    used 13651K, committed 14144K, reserved 425984K
}

